# JRE version: OpenJDK Runtime Environment Corretto-11.0.20.8.1 (11.0.20+8) (build 11.0.20+8-LTS)
# Java VM: OpenJDK 64-Bit Server VM Corretto-11.0.20.8.1 (11.0.20+8-LTS, mixed mode, tiered, compressed oops, g1 gc, windows-amd64)
Heap:
 garbage-first heap   total 70656K, used 60069K [0x00000000e0000000, 0x0000000100000000)
  region size 1024K, 3 young (3072K), 1 survivors (1024K)
 Metaspace       used 41427K, capacity 42630K, committed 42800K, reserved 1087488K
  class space    used 4666K, capacity 5155K, committed 5248K, reserved 1048576K
GC Heap History (20 events):
Event: 138.932 GC heap before
{Heap before GC invocations=76 (full 0):
 garbage-first heap   total 70656K, used 60656K [0x00000000e0000000, 0x0000000100000000)
  region size 1024K, 5 young (5120K), 1 survivors (1024K)
 Metaspace       used 40201K, capacity 41282K, committed 41520K, reserved 1085440K
  class space    used 4497K, capacity 4940K, committed 4992K, reserved 1048576K
}
Event: 138.936 GC heap after
{Heap after GC invocations=77 (full 0):
 garbage-first heap   total 70656K, used 56771K [0x00000000e0000000, 0x0000000100000000)
  region size 1024K, 1 young (1024K), 1 survivors (1024K)
 Metaspace       used 40201K, capacity 41282K, committed 41520K, reserved 1085440K
  class space    used 4497K, capacity 4940K, committed 4992K, reserved 1048576K
}
Event: 139.269 GC heap before
{Heap before GC invocations=77 (full 0):
 garbage-first heap   total 70656K, used 59843K [0x00000000e0000000, 0x0000000100000000)
  region size 1024K, 5 young (5120K), 1 survivors (1024K)
 Metaspace       used 40373K, capacity 41510K, committed 41648K, reserved 1085440K
  class space    used 4524K, capacity 4995K, committed 5120K, reserved 1048576K
}
Event: 139.274 GC heap after
{Heap after GC invocations=78 (full 0):
 garbage-first heap   total 70656K, used 57024K [0x00000000e0000000, 0x0000000100000000)
  region size 1024K, 1 young (1024K), 1 survivors (1024K)
 Metaspace       used 40373K, capacity 41510K, committed 41648K, reserved 1085440K
  class space    used 4524K, capacity 4995K, committed 5120K, reserved 1048576K
}
Event: 139.634 GC heap before
{Heap before GC invocations=78 (full 0):
 garbage-first heap   total 70656K, used 61120K [0x00000000e0000000, 0x0000000100000000)
  region size 1024K, 5 young (5120K), 1 survivors (1024K)
 Metaspace       used 40504K, capacity 41717K, committed 41904K, reserved 1085440K
  class space    used 4542K, capacity 5000K, committed 5120K, reserved 1048576K
}
Event: 139.639 GC heap after
{Heap after GC invocations=79 (full 0):
 garbage-first heap   total 70656K, used 57488K [0x00000000e0000000, 0x0000000100000000)
  region size 1024K, 1 young (1024K), 1 survivors (1024K)
 Metaspace       used 40504K, capacity 41717K, committed 41904K, reserved 1085440K
  class space    used 4542K, capacity 5000K, committed 5120K, reserved 1048576K
}
Event: 140.314 GC heap before
{Heap before GC invocations=79 (full 0):
 garbage-first heap   total 70656K, used 60560K [0x00000000e0000000, 0x0000000100000000)
  region size 1024K, 4 young (4096K), 1 survivors (1024K)
 Metaspace       used 40633K, capacity 41824K, committed 42160K, reserved 1087488K
  class space    used 4560K, capacity 5036K, committed 5120K, reserved 1048576K
}
Event: 140.328 GC heap after
{Heap after GC invocations=80 (full 0):
 garbage-first heap   total 70656K, used 57895K [0x00000000e0000000, 0x0000000100000000)
  region size 1024K, 1 young (1024K), 1 survivors (1024K)
 Metaspace       used 40633K, capacity 41824K, committed 42160K, reserved 1087488K
  class space    used 4560K, capacity 5036K, committed 5120K, reserved 1048576K
}
Event: 140.659 GC heap before
{Heap before GC invocations=80 (full 0):
 garbage-first heap   total 70656K, used 60967K [0x00000000e0000000, 0x0000000100000000)
  region size 1024K, 4 young (4096K), 1 survivors (1024K)
 Metaspace       used 40772K, capacity 41963K, committed 42160K, reserved 1087488K
  class space    used 4576K, capacity 5039K, committed 5120K, reserved 1048576K
}
Event: 140.663 GC heap after
{Heap after GC invocations=81 (full 0):
 garbage-first heap   total 70656K, used 57928K [0x00000000e0000000, 0x0000000100000000)
  region size 1024K, 1 young (1024K), 1 survivors (1024K)
 Metaspace       used 40772K, capacity 41963K, committed 42160K, reserved 1087488K
  class space    used 4576K, capacity 5039K, committed 5120K, reserved 1048576K
}
Event: 140.750 GC heap before
{Heap before GC invocations=81 (full 0):
 garbage-first heap   total 70656K, used 61000K [0x00000000e0000000, 0x0000000100000000)
  region size 1024K, 4 young (4096K), 1 survivors (1024K)
 Metaspace       used 40842K, capacity 42027K, committed 42160K, reserved 1087488K
  class space    used 4584K, capacity 5039K, committed 5120K, reserved 1048576K
}
Event: 140.757 GC heap after
{Heap after GC invocations=82 (full 0):
 garbage-first heap   total 70656K, used 58413K [0x00000000e0000000, 0x0000000100000000)
  region size 1024K, 1 young (1024K), 1 survivors (1024K)
 Metaspace       used 40842K, capacity 42027K, committed 42160K, reserved 1087488K
  class space    used 4584K, capacity 5039K, committed 5120K, reserved 1048576K
}
Event: 140.849 GC heap before
{Heap before GC invocations=82 (full 0):
 garbage-first heap   total 70656K, used 60461K [0x00000000e0000000, 0x0000000100000000)
  region size 1024K, 3 young (3072K), 1 survivors (1024K)
 Metaspace       used 40888K, capacity 42065K, committed 42160K, reserved 1087488K
  class space    used 4590K, capacity 5073K, committed 5120K, reserved 1048576K
}
Event: 140.855 GC heap after
{Heap after GC invocations=83 (full 0):
 garbage-first heap   total 70656K, used 58716K [0x00000000e0000000, 0x0000000100000000)
  region size 1024K, 1 young (1024K), 1 survivors (1024K)
 Metaspace       used 40888K, capacity 42065K, committed 42160K, reserved 1087488K
  class space    used 4590K, capacity 5073K, committed 5120K, reserved 1048576K
}
Event: 140.964 GC heap before
{Heap before GC invocations=83 (full 0):
 garbage-first heap   total 70656K, used 60764K [0x00000000e0000000, 0x0000000100000000)
  region size 1024K, 3 young (3072K), 1 survivors (1024K)
 Metaspace       used 41003K, capacity 42202K, committed 42416K, reserved 1087488K
  class space    used 4602K, capacity 5076K, committed 5120K, reserved 1048576K
}
Event: 140.973 GC heap after
{Heap after GC invocations=84 (full 0):
 garbage-first heap   total 70656K, used 58867K [0x00000000e0000000, 0x0000000100000000)
  region size 1024K, 1 young (1024K), 1 survivors (1024K)
 Metaspace       used 41003K, capacity 42202K, committed 42416K, reserved 1087488K
  class space    used 4602K, capacity 5076K, committed 5120K, reserved 1048576K
}
Event: 141.247 GC heap before
{Heap before GC invocations=84 (full 0):
 garbage-first heap   total 70656K, used 60915K [0x00000000e0000000, 0x0000000100000000)
  region size 1024K, 3 young (3072K), 1 survivors (1024K)
 Metaspace       used 41257K, capacity 42529K, committed 42800K, reserved 1087488K
  class space    used 4646K, capacity 5143K, committed 5248K, reserved 1048576K
}
Event: 141.251 GC heap after
{Heap after GC invocations=85 (full 0):
 garbage-first heap   total 70656K, used 58918K [0x00000000e0000000, 0x0000000100000000)
  region size 1024K, 1 young (1024K), 1 survivors (1024K)
 Metaspace       used 41257K, capacity 42529K, committed 42800K, reserved 1087488K
  class space    used 4646K, capacity 5143K, committed 5248K, reserved 1048576K
}
Event: 141.380 GC heap before
{Heap before GC invocations=85 (full 0):
 garbage-first heap   total 70656K, used 59942K [0x00000000e0000000, 0x0000000100000000)
  region size 1024K, 3 young (3072K), 1 survivors (1024K)
 Metaspace       used 41362K, capacity 42629K, committed 42800K, reserved 1087488K
  class space    used 4660K, capacity 5155K, committed 5248K, reserved 1048576K
}
Event: 141.385 GC heap after
{Heap after GC invocations=86 (full 0):
 garbage-first heap   total 70656K, used 59045K [0x00000000e0000000, 0x0000000100000000)
  region size 1024K, 1 young (1024K), 1 survivors (1024K)
 Metaspace       used 41362K, capacity 42629K, committed 42800K, reserved 1087488K
  class space    used 4660K, capacity 5155K, committed 5248K, reserved 1048576K
}

